-- Create the customers table
CREATE TABLE customers (
    customer_id SERIAL PRIMARY KEY,
    name VARCHAR(255) NOT NULL,
    phone VARCHAR(15) UNIQUE NOT NULL
);

-- Create the services table
CREATE TABLE services (
    service_id SERIAL PRIMARY KEY,
    name VARCHAR(255) NOT NULL
);

-- Create the appointments table
CREATE TABLE appointments (
    appointment_id SERIAL PRIMARY KEY,
    customer_id INT NOT NULL,
    service_id INT NOT NULL,
    time VARCHAR(255) NOT NULL,
    FOREIGN KEY (customer_id) REFERENCES customers(customer_id),
    FOREIGN KEY (service_id) REFERENCES services(service_id)
);

-- Insert sample rows into the services table
INSERT INTO services(service_id, name) VALUES 
    (1, 'waxing'),
    (2, 'eyelash'),
    (3, 'makeup');